<?xml version="1.0" encoding="UTF-8"?>
<testng-results skipped="0" failed="2" ignored="0" total="8" passed="6">
  <reporter-output>
    <line>
      <![CDATA[<a href='E:\Adithya\MavSocial\src\main\java\com\MavSocial\Success_Screenshots\verify_login_with_invalid_credentials_10_10_2018_03_25_55.png'><img src='E:\Adithya\MavSocial\src\main\java\com\MavSocial\Success_Screenshots\verify_login_with_invalid_credentials_10_10_2018_03_25_55.png'height='100'width='100'/></a>]]>
    </line>
    <line>
      <![CDATA[<a href='E:\Adithya\MavSocial\src\main\java\com\mavSocial\screenShots\Screen_Shot_Of-verify_login_with_invalid_credentials_10_10_2018_03_25_56.png'> <img src='E:\Adithya\MavSocial\src\main\java\com\mavSocial\screenShots\Screen_Shot_Of-verify_login_with_invalid_credentials_10_10_2018_03_25_56.png' height='100' width='100'/> </a>]]>
    </line>
    <line>
      <![CDATA[<a href='E:\Adithya\MavSocial\src\main\java\com\MavSocial\Success_Screenshots\verify_login_with_invalid_credentials_10_10_2018_03_26_00.png'><img src='E:\Adithya\MavSocial\src\main\java\com\MavSocial\Success_Screenshots\verify_login_with_invalid_credentials_10_10_2018_03_26_00.png'height='100'width='100'/></a>]]>
    </line>
    <line>
      <![CDATA[<a href='E:\Adithya\MavSocial\src\main\java\com\mavSocial\screenShots\Screen_Shot_Of-verify_login_with_invalid_credentials_10_10_2018_03_26_00.png'> <img src='E:\Adithya\MavSocial\src\main\java\com\mavSocial\screenShots\Screen_Shot_Of-verify_login_with_invalid_credentials_10_10_2018_03_26_00.png' height='100' width='100'/> </a>]]>
    </line>
    <line>
      <![CDATA[<a href='E:\Adithya\MavSocial\src\main\java\com\MavSocial\Success_Screenshots\verify_login_with_invalid_credentials_10_10_2018_03_26_04.png'><img src='E:\Adithya\MavSocial\src\main\java\com\MavSocial\Success_Screenshots\verify_login_with_invalid_credentials_10_10_2018_03_26_04.png'height='100'width='100'/></a>]]>
    </line>
    <line>
      <![CDATA[<a href='E:\Adithya\MavSocial\src\main\java\com\mavSocial\screenShots\Screen_Shot_Of-verify_login_with_invalid_credentials_10_10_2018_03_26_05.png'> <img src='E:\Adithya\MavSocial\src\main\java\com\mavSocial\screenShots\Screen_Shot_Of-verify_login_with_invalid_credentials_10_10_2018_03_26_05.png' height='100' width='100'/> </a>]]>
    </line>
    <line>
      <![CDATA[<a href='E:\Adithya\MavSocial\src\main\java\com\MavSocial\Success_Screenshots\verify_login_with_invalid_credentials_10_10_2018_03_26_08.png'><img src='E:\Adithya\MavSocial\src\main\java\com\MavSocial\Success_Screenshots\verify_login_with_invalid_credentials_10_10_2018_03_26_08.png'height='100'width='100'/></a>]]>
    </line>
    <line>
      <![CDATA[<a href='E:\Adithya\MavSocial\src\main\java\com\mavSocial\screenShots\Screen_Shot_Of-verify_login_with_invalid_credentials_10_10_2018_03_26_09.png'> <img src='E:\Adithya\MavSocial\src\main\java\com\mavSocial\screenShots\Screen_Shot_Of-verify_login_with_invalid_credentials_10_10_2018_03_26_09.png' height='100' width='100'/> </a>]]>
    </line>
    <line>
      <![CDATA[<a href='E:\Adithya\MavSocial\src\main\java\com\MavSocial\Success_Screenshots\verify_login_with_invalid_credentials_10_10_2018_03_26_13.png'><img src='E:\Adithya\MavSocial\src\main\java\com\MavSocial\Success_Screenshots\verify_login_with_invalid_credentials_10_10_2018_03_26_13.png'height='100'width='100'/></a>]]>
    </line>
    <line>
      <![CDATA[<a href='E:\Adithya\MavSocial\src\main\java\com\mavSocial\screenShots\Screen_Shot_Of-verify_login_with_invalid_credentials_10_10_2018_03_26_13.png'> <img src='E:\Adithya\MavSocial\src\main\java\com\mavSocial\screenShots\Screen_Shot_Of-verify_login_with_invalid_credentials_10_10_2018_03_26_13.png' height='100' width='100'/> </a>]]>
    </line>
    <line>
      <![CDATA[<a href='E:\Adithya\MavSocial\src\main\java\com\MavSocial\Success_Screenshots\verify_login_with_invalid_credentials_10_10_2018_03_26_17.png'><img src='E:\Adithya\MavSocial\src\main\java\com\MavSocial\Success_Screenshots\verify_login_with_invalid_credentials_10_10_2018_03_26_17.png'height='100'width='100'/></a>]]>
    </line>
    <line>
      <![CDATA[<a href='E:\Adithya\MavSocial\src\main\java\com\mavSocial\screenShots\Screen_Shot_Of-verify_login_with_invalid_credentials_10_10_2018_03_26_17.png'> <img src='E:\Adithya\MavSocial\src\main\java\com\mavSocial\screenShots\Screen_Shot_Of-verify_login_with_invalid_credentials_10_10_2018_03_26_17.png' height='100' width='100'/> </a>]]>
    </line>
    <line>
      <![CDATA[<a href='E:\Adithya\MavSocial\src\main\java\com\MavSocial\Failure_Screenshots\verify_change_password_10_10_2018_03_26_56.png'><img src='E:\Adithya\MavSocial\src\main\java\com\MavSocial\Failure_Screenshots\verify_change_password_10_10_2018_03_26_56.png'height='100'width='100'/></a>]]>
    </line>
    <line>
      <![CDATA[<a href='E:\Adithya\MavSocial\src\main\java\com\MavSocial\Failure_Screenshots\verify_login_with_valid_credentials_10_10_2018_03_27_33.png'><img src='E:\Adithya\MavSocial\src\main\java\com\MavSocial\Failure_Screenshots\verify_login_with_valid_credentials_10_10_2018_03_27_33.png'height='100'width='100'/></a>]]>
    </line>
    <line>
      <![CDATA[<a href='E:\Adithya\MavSocial\src\main\java\com\mavSocial\screenShots\Screen_Shot_Of-verify_login_with_valid_credentials_10_10_2018_03_27_34.png'> <img src='E:\Adithya\MavSocial\src\main\java\com\mavSocial\screenShots\Screen_Shot_Of-verify_login_with_valid_credentials_10_10_2018_03_27_34.png' height='100' width='100'/> </a>]]>
    </line>
  </reporter-output>
  <suite name="Parallel test suite" duration-ms="122972" started-at="2018-10-10T09:55:33Z" finished-at="2018-10-10T09:57:36Z">
    <groups>
    </groups>
    <test name="LoginTest" duration-ms="122972" started-at="2018-10-10T09:55:33Z" finished-at="2018-10-10T09:57:36Z">
      <class name="com.mavSocial.LoginPage.TC003_ChangePassword">
        <test-method status="PASS" signature="setup(java.lang.reflect.Method)[pri:0, instance:com.mavSocial.LoginPage.TC003_ChangePassword@691a7f8f]" name="setup" is-config="true" duration-ms="15135" started-at="2018-10-10T09:56:18Z" finished-at="2018-10-10T09:56:33Z">
          <params>
            <param index="0">
              <value>
                <![CDATA[public void com.mavSocial.LoginPage.TC003_ChangePassword.verify_change_password() throws java.lang.InterruptedException]]>
              </value>
            </param>
          </params>
          <reporter-output>
          </reporter-output>
        </test-method> <!-- setup -->
        <test-method status="FAIL" signature="verify_change_password()[pri:2, instance:com.mavSocial.LoginPage.TC003_ChangePassword@691a7f8f]" name="verify_change_password" duration-ms="22375" started-at="2018-10-10T09:56:33Z" finished-at="2018-10-10T09:56:56Z">
          <exception class="org.openqa.selenium.TimeoutException">
            <message>
              <![CDATA[Expected condition failed: waiting for url to contain "home". Current url: "https://app.maventus.com/user/login" (tried for 20 second(s) with 500 MILLISECONDS interval)
Build info: version: '3.4.0', revision: 'unknown', time: 'unknown'
System info: host: 'DESKTOP-9AUK2PQ', ip: '192.168.0.57', os.name: 'Windows 10', os.arch: 'amd64', os.version: '10.0', java.version: '1.8.0_181'
Driver info: org.openqa.selenium.chrome.ChromeDriver
Capabilities [{mobileEmulationEnabled=false, hasTouchScreen=false, platform=XP, acceptSslCerts=false, goog:chromeOptions={debuggerAddress=localhost:50817}, acceptInsecureCerts=false, webStorageEnabled=true, browserName=chrome, takesScreenshot=true, javascriptEnabled=true, setWindowRect=true, unexpectedAlertBehaviour=, applicationCacheEnabled=false, rotatable=false, networkConnectionEnabled=false, chrome={chromedriverVersion=2.41.578737 (49da6702b16031c40d63e5618de03a32ff6c197e), userDataDir=C:\Users\MANIAL~1\AppData\Local\Temp\scoped_dir4228_32076}, takesHeapSnapshot=true, pageLoadStrategy=normal, databaseEnabled=false, handlesAlerts=true, version=69.0.3497.100, browserConnectionEnabled=false, nativeEvents=true, locationContextEnabled=true, cssSelectorsEnabled=true}]
Session ID: 6490ad7fd63d2491626dcdb09cbbd25a]]>
            </message>
            <full-stacktrace>
              <![CDATA[org.openqa.selenium.TimeoutException: Expected condition failed: waiting for url to contain "home". Current url: "https://app.maventus.com/user/login" (tried for 20 second(s) with 500 MILLISECONDS interval)
Build info: version: '3.4.0', revision: 'unknown', time: 'unknown'
System info: host: 'DESKTOP-9AUK2PQ', ip: '192.168.0.57', os.name: 'Windows 10', os.arch: 'amd64', os.version: '10.0', java.version: '1.8.0_181'
Driver info: org.openqa.selenium.chrome.ChromeDriver
Capabilities [{mobileEmulationEnabled=false, hasTouchScreen=false, platform=XP, acceptSslCerts=false, goog:chromeOptions={debuggerAddress=localhost:50817}, acceptInsecureCerts=false, webStorageEnabled=true, browserName=chrome, takesScreenshot=true, javascriptEnabled=true, setWindowRect=true, unexpectedAlertBehaviour=, applicationCacheEnabled=false, rotatable=false, networkConnectionEnabled=false, chrome={chromedriverVersion=2.41.578737 (49da6702b16031c40d63e5618de03a32ff6c197e), userDataDir=C:\Users\MANIAL~1\AppData\Local\Temp\scoped_dir4228_32076}, takesHeapSnapshot=true, pageLoadStrategy=normal, databaseEnabled=false, handlesAlerts=true, version=69.0.3497.100, browserConnectionEnabled=false, nativeEvents=true, locationContextEnabled=true, cssSelectorsEnabled=true}]
Session ID: 6490ad7fd63d2491626dcdb09cbbd25a
at org.openqa.selenium.support.ui.WebDriverWait.timeoutException(WebDriverWait.java:80)
at org.openqa.selenium.support.ui.FluentWait.until(FluentWait.java:232)
at com.mavSocial.testBase.TestBase.wait_until_url_contains(TestBase.java:265)
at com.mavSocial.LoginPage.TC003_ChangePassword.verify_change_password(TC003_ChangePassword.java:35)
at sun.reflect.NativeMethodAccessorImpl.invoke0(Native Method)
at sun.reflect.NativeMethodAccessorImpl.invoke(Unknown Source)
at sun.reflect.DelegatingMethodAccessorImpl.invoke(Unknown Source)
at java.lang.reflect.Method.invoke(Unknown Source)
at org.testng.internal.MethodInvocationHelper.invokeMethod(MethodInvocationHelper.java:124)
at org.testng.internal.Invoker.invokeMethod(Invoker.java:580)
at org.testng.internal.Invoker.invokeTestMethod(Invoker.java:716)
at org.testng.internal.Invoker.invokeTestMethods(Invoker.java:988)
at org.testng.internal.TestMethodWorker.invokeTestMethods(TestMethodWorker.java:125)
at org.testng.internal.TestMethodWorker.run(TestMethodWorker.java:109)
at org.testng.TestRunner.privateRun(TestRunner.java:648)
at org.testng.TestRunner.run(TestRunner.java:505)
at org.testng.SuiteRunner.runTest(SuiteRunner.java:455)
at org.testng.SuiteRunner.runSequentially(SuiteRunner.java:450)
at org.testng.SuiteRunner.privateRun(SuiteRunner.java:415)
at org.testng.SuiteRunner.run(SuiteRunner.java:364)
at org.testng.SuiteRunnerWorker.runSuite(SuiteRunnerWorker.java:52)
at org.testng.SuiteRunnerWorker.run(SuiteRunnerWorker.java:84)
at org.testng.TestNG.runSuitesSequentially(TestNG.java:1208)
at org.testng.TestNG.runSuitesLocally(TestNG.java:1137)
at org.testng.TestNG.runSuites(TestNG.java:1049)
at org.testng.TestNG.run(TestNG.java:1017)
at org.testng.remote.AbstractRemoteTestNG.run(AbstractRemoteTestNG.java:114)
at org.testng.remote.RemoteTestNG.initAndRun(RemoteTestNG.java:251)
at org.testng.remote.RemoteTestNG.main(RemoteTestNG.java:77)
]]>
            </full-stacktrace>
          </exception> <!-- org.openqa.selenium.TimeoutException -->
          <reporter-output>
            <line>
              <![CDATA[<a href='E:\Adithya\MavSocial\src\main\java\com\MavSocial\Failure_Screenshots\verify_change_password_10_10_2018_03_26_56.png'><img src='E:\Adithya\MavSocial\src\main\java\com\MavSocial\Failure_Screenshots\verify_change_password_10_10_2018_03_26_56.png'height='100'width='100'/></a>]]>
            </line>
          </reporter-output>
        </test-method> <!-- verify_change_password -->
      </class> <!-- com.mavSocial.LoginPage.TC003_ChangePassword -->
      <class name="com.mavSocial.LoginPage.TC001_LoginWithValidCredentials">
        <test-method status="PASS" signature="setup(java.lang.reflect.Method)[pri:0, instance:com.mavSocial.LoginPage.TC001_LoginWithValidCredentials@16aa0a0a]" name="setup" is-config="true" duration-ms="14599" started-at="2018-10-10T09:56:56Z" finished-at="2018-10-10T09:57:11Z">
          <params>
            <param index="0">
              <value>
                <![CDATA[public void com.mavSocial.LoginPage.TC001_LoginWithValidCredentials.verify_login_with_valid_credentials()]]>
              </value>
            </param>
          </params>
          <reporter-output>
          </reporter-output>
        </test-method> <!-- setup -->
        <test-method status="FAIL" signature="verify_login_with_valid_credentials()[pri:3, instance:com.mavSocial.LoginPage.TC001_LoginWithValidCredentials@16aa0a0a]" name="verify_login_with_valid_credentials" duration-ms="21981" started-at="2018-10-10T09:57:11Z" finished-at="2018-10-10T09:57:33Z">
          <exception class="org.openqa.selenium.TimeoutException">
            <message>
              <![CDATA[Expected condition failed: waiting for url to contain "home". Current url: "https://app.maventus.com/user/login" (tried for 20 second(s) with 500 MILLISECONDS interval)
Build info: version: '3.4.0', revision: 'unknown', time: 'unknown'
System info: host: 'DESKTOP-9AUK2PQ', ip: '192.168.0.57', os.name: 'Windows 10', os.arch: 'amd64', os.version: '10.0', java.version: '1.8.0_181'
Driver info: org.openqa.selenium.chrome.ChromeDriver
Capabilities [{mobileEmulationEnabled=false, hasTouchScreen=false, platform=XP, acceptSslCerts=false, goog:chromeOptions={debuggerAddress=localhost:50852}, acceptInsecureCerts=false, webStorageEnabled=true, browserName=chrome, takesScreenshot=true, javascriptEnabled=true, setWindowRect=true, unexpectedAlertBehaviour=, applicationCacheEnabled=false, rotatable=false, networkConnectionEnabled=false, chrome={chromedriverVersion=2.41.578737 (49da6702b16031c40d63e5618de03a32ff6c197e), userDataDir=C:\Users\MANIAL~1\AppData\Local\Temp\scoped_dir2228_16194}, takesHeapSnapshot=true, pageLoadStrategy=normal, databaseEnabled=false, handlesAlerts=true, version=69.0.3497.100, browserConnectionEnabled=false, nativeEvents=true, locationContextEnabled=true, cssSelectorsEnabled=true}]
Session ID: 16cc892c695977fe3317e4e6ce003b3f]]>
            </message>
            <full-stacktrace>
              <![CDATA[org.openqa.selenium.TimeoutException: Expected condition failed: waiting for url to contain "home". Current url: "https://app.maventus.com/user/login" (tried for 20 second(s) with 500 MILLISECONDS interval)
Build info: version: '3.4.0', revision: 'unknown', time: 'unknown'
System info: host: 'DESKTOP-9AUK2PQ', ip: '192.168.0.57', os.name: 'Windows 10', os.arch: 'amd64', os.version: '10.0', java.version: '1.8.0_181'
Driver info: org.openqa.selenium.chrome.ChromeDriver
Capabilities [{mobileEmulationEnabled=false, hasTouchScreen=false, platform=XP, acceptSslCerts=false, goog:chromeOptions={debuggerAddress=localhost:50852}, acceptInsecureCerts=false, webStorageEnabled=true, browserName=chrome, takesScreenshot=true, javascriptEnabled=true, setWindowRect=true, unexpectedAlertBehaviour=, applicationCacheEnabled=false, rotatable=false, networkConnectionEnabled=false, chrome={chromedriverVersion=2.41.578737 (49da6702b16031c40d63e5618de03a32ff6c197e), userDataDir=C:\Users\MANIAL~1\AppData\Local\Temp\scoped_dir2228_16194}, takesHeapSnapshot=true, pageLoadStrategy=normal, databaseEnabled=false, handlesAlerts=true, version=69.0.3497.100, browserConnectionEnabled=false, nativeEvents=true, locationContextEnabled=true, cssSelectorsEnabled=true}]
Session ID: 16cc892c695977fe3317e4e6ce003b3f
at org.openqa.selenium.support.ui.WebDriverWait.timeoutException(WebDriverWait.java:80)
at org.openqa.selenium.support.ui.FluentWait.until(FluentWait.java:232)
at com.mavSocial.testBase.TestBase.wait_until_url_contains(TestBase.java:265)
at com.mavSocial.LoginPage.TC001_LoginWithValidCredentials.verify_login_with_valid_credentials(TC001_LoginWithValidCredentials.java:39)
at sun.reflect.NativeMethodAccessorImpl.invoke0(Native Method)
at sun.reflect.NativeMethodAccessorImpl.invoke(Unknown Source)
at sun.reflect.DelegatingMethodAccessorImpl.invoke(Unknown Source)
at java.lang.reflect.Method.invoke(Unknown Source)
at org.testng.internal.MethodInvocationHelper.invokeMethod(MethodInvocationHelper.java:124)
at org.testng.internal.Invoker.invokeMethod(Invoker.java:580)
at org.testng.internal.Invoker.invokeTestMethod(Invoker.java:716)
at org.testng.internal.Invoker.invokeTestMethods(Invoker.java:988)
at org.testng.internal.TestMethodWorker.invokeTestMethods(TestMethodWorker.java:125)
at org.testng.internal.TestMethodWorker.run(TestMethodWorker.java:109)
at org.testng.TestRunner.privateRun(TestRunner.java:648)
at org.testng.TestRunner.run(TestRunner.java:505)
at org.testng.SuiteRunner.runTest(SuiteRunner.java:455)
at org.testng.SuiteRunner.runSequentially(SuiteRunner.java:450)
at org.testng.SuiteRunner.privateRun(SuiteRunner.java:415)
at org.testng.SuiteRunner.run(SuiteRunner.java:364)
at org.testng.SuiteRunnerWorker.runSuite(SuiteRunnerWorker.java:52)
at org.testng.SuiteRunnerWorker.run(SuiteRunnerWorker.java:84)
at org.testng.TestNG.runSuitesSequentially(TestNG.java:1208)
at org.testng.TestNG.runSuitesLocally(TestNG.java:1137)
at org.testng.TestNG.runSuites(TestNG.java:1049)
at org.testng.TestNG.run(TestNG.java:1017)
at org.testng.remote.AbstractRemoteTestNG.run(AbstractRemoteTestNG.java:114)
at org.testng.remote.RemoteTestNG.initAndRun(RemoteTestNG.java:251)
at org.testng.remote.RemoteTestNG.main(RemoteTestNG.java:77)
]]>
            </full-stacktrace>
          </exception> <!-- org.openqa.selenium.TimeoutException -->
          <reporter-output>
            <line>
              <![CDATA[<a href='E:\Adithya\MavSocial\src\main\java\com\MavSocial\Failure_Screenshots\verify_login_with_valid_credentials_10_10_2018_03_27_33.png'><img src='E:\Adithya\MavSocial\src\main\java\com\MavSocial\Failure_Screenshots\verify_login_with_valid_credentials_10_10_2018_03_27_33.png'height='100'width='100'/></a>]]>
            </line>
          </reporter-output>
        </test-method> <!-- verify_login_with_valid_credentials -->
        <test-method status="PASS" signature="afterMethod(org.testng.ITestResult)[pri:0, instance:com.mavSocial.LoginPage.TC001_LoginWithValidCredentials@16aa0a0a]" name="afterMethod" is-config="true" duration-ms="2587" started-at="2018-10-10T09:57:34Z" finished-at="2018-10-10T09:57:36Z">
          <params>
            <param index="0">
              <value>
                <![CDATA[[TestResult name=verify_login_with_valid_credentials status=FAILURE method=TC001_LoginWithValidCredentials.verify_login_with_valid_credentials()[pri:3, instance:com.mavSocial.LoginPage.TC001_LoginWithValidCredentials@16aa0a0a] output=<a href='E:\Adithya\MavSocial\src\main\java\com\MavSocial\Failure_Screenshots\verify_login_with_valid_credentials_10_10_2018_03_27_33.png'><img src='E:\Adithya\MavSocial\src\main\java\com\MavSocial\Failure_Screenshots\verify_login_with_valid_credentials_10_10_2018_03_27_33.png'height='100'width='100'/></a>]]]>
              </value>
            </param>
          </params>
          <reporter-output>
            <line>
              <![CDATA[<a href='E:\Adithya\MavSocial\src\main\java\com\mavSocial\screenShots\Screen_Shot_Of-verify_login_with_valid_credentials_10_10_2018_03_27_34.png'> <img src='E:\Adithya\MavSocial\src\main\java\com\mavSocial\screenShots\Screen_Shot_Of-verify_login_with_valid_credentials_10_10_2018_03_27_34.png' height='100' width='100'/> </a>]]>
            </line>
          </reporter-output>
        </test-method> <!-- afterMethod -->
      </class> <!-- com.mavSocial.LoginPage.TC001_LoginWithValidCredentials -->
      <class name="com.mavSocial.LoginPage.TC002_VerifyLoginWithInvalidCredentials">
        <test-method status="PASS" signature="setup(java.lang.reflect.Method)[pri:0, instance:com.mavSocial.LoginPage.TC002_VerifyLoginWithInvalidCredentials@780cb77]" name="setup" is-config="true" duration-ms="12" started-at="2018-10-10T09:55:51Z" finished-at="2018-10-10T09:55:51Z">
          <params>
            <param index="0">
              <value>
                <![CDATA[public void com.mavSocial.LoginPage.TC002_VerifyLoginWithInvalidCredentials.verify_login_with_invalid_credentials(java.lang.String,java.lang.String) throws java.io.IOException,java.lang.InterruptedException]]>
              </value>
            </param>
          </params>
          <reporter-output>
          </reporter-output>
        </test-method> <!-- setup -->
        <test-method status="PASS" signature="verify_login_with_invalid_credentials(java.lang.String, java.lang.String)[pri:1, instance:com.mavSocial.LoginPage.TC002_VerifyLoginWithInvalidCredentials@780cb77]" name="verify_login_with_invalid_credentials" duration-ms="3941" started-at="2018-10-10T09:55:51Z" data-provider="loginData" finished-at="2018-10-10T09:55:55Z">
          <params>
            <param index="0">
              <value>
                <![CDATA[TestData123@gmail.com]]>
              </value>
            </param>
            <param index="1">
              <value>
                <![CDATA[123456]]>
              </value>
            </param>
          </params>
          <reporter-output>
            <line>
              <![CDATA[<a href='E:\Adithya\MavSocial\src\main\java\com\MavSocial\Success_Screenshots\verify_login_with_invalid_credentials_10_10_2018_03_25_55.png'><img src='E:\Adithya\MavSocial\src\main\java\com\MavSocial\Success_Screenshots\verify_login_with_invalid_credentials_10_10_2018_03_25_55.png'height='100'width='100'/></a>]]>
            </line>
          </reporter-output>
        </test-method> <!-- verify_login_with_invalid_credentials -->
        <test-method status="PASS" signature="afterMethod(org.testng.ITestResult)[pri:0, instance:com.mavSocial.LoginPage.TC002_VerifyLoginWithInvalidCredentials@780cb77]" name="afterMethod" is-config="true" duration-ms="687" started-at="2018-10-10T09:55:56Z" finished-at="2018-10-10T09:55:56Z">
          <params>
            <param index="0">
              <value>
                <![CDATA[[TestResult name=verify_login_with_invalid_credentials status=SUCCESS method=TC002_VerifyLoginWithInvalidCredentials.verify_login_with_invalid_credentials(java.lang.String, java.lang.String)[pri:1, instance:com.mavSocial.LoginPage.TC002_VerifyLoginWithInvalidCredentials@780cb77] output=<a href='E:\Adithya\MavSocial\src\main\java\com\MavSocial\Success_Screenshots\verify_login_with_invalid_credentials_10_10_2018_03_25_55.png'><img src='E:\Adithya\MavSocial\src\main\java\com\MavSocial\Success_Screenshots\verify_login_with_invalid_credentials_10_10_2018_03_25_55.png'height='100'width='100'/></a>]]]>
              </value>
            </param>
          </params>
          <reporter-output>
            <line>
              <![CDATA[<a href='E:\Adithya\MavSocial\src\main\java\com\mavSocial\screenShots\Screen_Shot_Of-verify_login_with_invalid_credentials_10_10_2018_03_25_56.png'> <img src='E:\Adithya\MavSocial\src\main\java\com\mavSocial\screenShots\Screen_Shot_Of-verify_login_with_invalid_credentials_10_10_2018_03_25_56.png' height='100' width='100'/> </a>]]>
            </line>
          </reporter-output>
        </test-method> <!-- afterMethod -->
        <test-method status="PASS" signature="verify_login_with_invalid_credentials(java.lang.String, java.lang.String)[pri:1, instance:com.mavSocial.LoginPage.TC002_VerifyLoginWithInvalidCredentials@780cb77]" name="verify_login_with_invalid_credentials" duration-ms="3199" started-at="2018-10-10T09:55:56Z" data-provider="loginData" finished-at="2018-10-10T09:56:00Z">
          <params>
            <param index="0">
              <value>
                <![CDATA[holly@yopmail.com]]>
              </value>
            </param>
            <param index="1">
              <value>
                <![CDATA[123457]]>
              </value>
            </param>
          </params>
          <reporter-output>
            <line>
              <![CDATA[<a href='E:\Adithya\MavSocial\src\main\java\com\MavSocial\Success_Screenshots\verify_login_with_invalid_credentials_10_10_2018_03_26_00.png'><img src='E:\Adithya\MavSocial\src\main\java\com\MavSocial\Success_Screenshots\verify_login_with_invalid_credentials_10_10_2018_03_26_00.png'height='100'width='100'/></a>]]>
            </line>
          </reporter-output>
        </test-method> <!-- verify_login_with_invalid_credentials -->
        <test-method status="PASS" signature="setup(java.lang.reflect.Method)[pri:0, instance:com.mavSocial.LoginPage.TC002_VerifyLoginWithInvalidCredentials@780cb77]" name="setup" is-config="true" duration-ms="0" started-at="2018-10-10T09:55:56Z" finished-at="2018-10-10T09:55:56Z">
          <params>
            <param index="0">
              <value>
                <![CDATA[public void com.mavSocial.LoginPage.TC002_VerifyLoginWithInvalidCredentials.verify_login_with_invalid_credentials(java.lang.String,java.lang.String) throws java.io.IOException,java.lang.InterruptedException]]>
              </value>
            </param>
          </params>
          <reporter-output>
          </reporter-output>
        </test-method> <!-- setup -->
        <test-method status="PASS" signature="afterMethod(org.testng.ITestResult)[pri:0, instance:com.mavSocial.LoginPage.TC002_VerifyLoginWithInvalidCredentials@780cb77]" name="afterMethod" is-config="true" duration-ms="676" started-at="2018-10-10T09:56:00Z" finished-at="2018-10-10T09:56:01Z">
          <params>
            <param index="0">
              <value>
                <![CDATA[[TestResult name=verify_login_with_invalid_credentials status=SUCCESS method=TC002_VerifyLoginWithInvalidCredentials.verify_login_with_invalid_credentials(java.lang.String, java.lang.String)[pri:1, instance:com.mavSocial.LoginPage.TC002_VerifyLoginWithInvalidCredentials@780cb77] output=<a href='E:\Adithya\MavSocial\src\main\java\com\MavSocial\Success_Screenshots\verify_login_with_invalid_credentials_10_10_2018_03_26_00.png'><img src='E:\Adithya\MavSocial\src\main\java\com\MavSocial\Success_Screenshots\verify_login_with_invalid_credentials_10_10_2018_03_26_00.png'height='100'width='100'/></a>]]]>
              </value>
            </param>
          </params>
          <reporter-output>
            <line>
              <![CDATA[<a href='E:\Adithya\MavSocial\src\main\java\com\mavSocial\screenShots\Screen_Shot_Of-verify_login_with_invalid_credentials_10_10_2018_03_26_00.png'> <img src='E:\Adithya\MavSocial\src\main\java\com\mavSocial\screenShots\Screen_Shot_Of-verify_login_with_invalid_credentials_10_10_2018_03_26_00.png' height='100' width='100'/> </a>]]>
            </line>
          </reporter-output>
        </test-method> <!-- afterMethod -->
        <test-method status="PASS" signature="verify_login_with_invalid_credentials(java.lang.String, java.lang.String)[pri:1, instance:com.mavSocial.LoginPage.TC002_VerifyLoginWithInvalidCredentials@780cb77]" name="verify_login_with_invalid_credentials" duration-ms="3178" started-at="2018-10-10T09:56:01Z" data-provider="loginData" finished-at="2018-10-10T09:56:04Z">
          <params>
            <param index="0">
              <value>
                <![CDATA[]]>
              </value>
            </param>
            <param index="1">
              <value>
                <![CDATA[123456]]>
              </value>
            </param>
          </params>
          <reporter-output>
            <line>
              <![CDATA[<a href='E:\Adithya\MavSocial\src\main\java\com\MavSocial\Success_Screenshots\verify_login_with_invalid_credentials_10_10_2018_03_26_04.png'><img src='E:\Adithya\MavSocial\src\main\java\com\MavSocial\Success_Screenshots\verify_login_with_invalid_credentials_10_10_2018_03_26_04.png'height='100'width='100'/></a>]]>
            </line>
          </reporter-output>
        </test-method> <!-- verify_login_with_invalid_credentials -->
        <test-method status="PASS" signature="setup(java.lang.reflect.Method)[pri:0, instance:com.mavSocial.LoginPage.TC002_VerifyLoginWithInvalidCredentials@780cb77]" name="setup" is-config="true" duration-ms="0" started-at="2018-10-10T09:56:01Z" finished-at="2018-10-10T09:56:01Z">
          <params>
            <param index="0">
              <value>
                <![CDATA[public void com.mavSocial.LoginPage.TC002_VerifyLoginWithInvalidCredentials.verify_login_with_invalid_credentials(java.lang.String,java.lang.String) throws java.io.IOException,java.lang.InterruptedException]]>
              </value>
            </param>
          </params>
          <reporter-output>
          </reporter-output>
        </test-method> <!-- setup -->
        <test-method status="PASS" signature="afterMethod(org.testng.ITestResult)[pri:0, instance:com.mavSocial.LoginPage.TC002_VerifyLoginWithInvalidCredentials@780cb77]" name="afterMethod" is-config="true" duration-ms="676" started-at="2018-10-10T09:56:05Z" finished-at="2018-10-10T09:56:05Z">
          <params>
            <param index="0">
              <value>
                <![CDATA[[TestResult name=verify_login_with_invalid_credentials status=SUCCESS method=TC002_VerifyLoginWithInvalidCredentials.verify_login_with_invalid_credentials(java.lang.String, java.lang.String)[pri:1, instance:com.mavSocial.LoginPage.TC002_VerifyLoginWithInvalidCredentials@780cb77] output=<a href='E:\Adithya\MavSocial\src\main\java\com\MavSocial\Success_Screenshots\verify_login_with_invalid_credentials_10_10_2018_03_26_04.png'><img src='E:\Adithya\MavSocial\src\main\java\com\MavSocial\Success_Screenshots\verify_login_with_invalid_credentials_10_10_2018_03_26_04.png'height='100'width='100'/></a>]]]>
              </value>
            </param>
          </params>
          <reporter-output>
            <line>
              <![CDATA[<a href='E:\Adithya\MavSocial\src\main\java\com\mavSocial\screenShots\Screen_Shot_Of-verify_login_with_invalid_credentials_10_10_2018_03_26_05.png'> <img src='E:\Adithya\MavSocial\src\main\java\com\mavSocial\screenShots\Screen_Shot_Of-verify_login_with_invalid_credentials_10_10_2018_03_26_05.png' height='100' width='100'/> </a>]]>
            </line>
          </reporter-output>
        </test-method> <!-- afterMethod -->
        <test-method status="PASS" signature="verify_login_with_invalid_credentials(java.lang.String, java.lang.String)[pri:1, instance:com.mavSocial.LoginPage.TC002_VerifyLoginWithInvalidCredentials@780cb77]" name="verify_login_with_invalid_credentials" duration-ms="2726" started-at="2018-10-10T09:56:05Z" data-provider="loginData" finished-at="2018-10-10T09:56:08Z">
          <params>
            <param index="0">
              <value>
                <![CDATA[holly@yopmail.com]]>
              </value>
            </param>
            <param index="1">
              <value>
                <![CDATA[]]>
              </value>
            </param>
          </params>
          <reporter-output>
            <line>
              <![CDATA[<a href='E:\Adithya\MavSocial\src\main\java\com\MavSocial\Success_Screenshots\verify_login_with_invalid_credentials_10_10_2018_03_26_08.png'><img src='E:\Adithya\MavSocial\src\main\java\com\MavSocial\Success_Screenshots\verify_login_with_invalid_credentials_10_10_2018_03_26_08.png'height='100'width='100'/></a>]]>
            </line>
          </reporter-output>
        </test-method> <!-- verify_login_with_invalid_credentials -->
        <test-method status="PASS" signature="setup(java.lang.reflect.Method)[pri:0, instance:com.mavSocial.LoginPage.TC002_VerifyLoginWithInvalidCredentials@780cb77]" name="setup" is-config="true" duration-ms="0" started-at="2018-10-10T09:56:05Z" finished-at="2018-10-10T09:56:05Z">
          <params>
            <param index="0">
              <value>
                <![CDATA[public void com.mavSocial.LoginPage.TC002_VerifyLoginWithInvalidCredentials.verify_login_with_invalid_credentials(java.lang.String,java.lang.String) throws java.io.IOException,java.lang.InterruptedException]]>
              </value>
            </param>
          </params>
          <reporter-output>
          </reporter-output>
        </test-method> <!-- setup -->
        <test-method status="PASS" signature="afterMethod(org.testng.ITestResult)[pri:0, instance:com.mavSocial.LoginPage.TC002_VerifyLoginWithInvalidCredentials@780cb77]" name="afterMethod" is-config="true" duration-ms="675" started-at="2018-10-10T09:56:09Z" finished-at="2018-10-10T09:56:10Z">
          <params>
            <param index="0">
              <value>
                <![CDATA[[TestResult name=verify_login_with_invalid_credentials status=SUCCESS method=TC002_VerifyLoginWithInvalidCredentials.verify_login_with_invalid_credentials(java.lang.String, java.lang.String)[pri:1, instance:com.mavSocial.LoginPage.TC002_VerifyLoginWithInvalidCredentials@780cb77] output=<a href='E:\Adithya\MavSocial\src\main\java\com\MavSocial\Success_Screenshots\verify_login_with_invalid_credentials_10_10_2018_03_26_08.png'><img src='E:\Adithya\MavSocial\src\main\java\com\MavSocial\Success_Screenshots\verify_login_with_invalid_credentials_10_10_2018_03_26_08.png'height='100'width='100'/></a>]]]>
              </value>
            </param>
          </params>
          <reporter-output>
            <line>
              <![CDATA[<a href='E:\Adithya\MavSocial\src\main\java\com\mavSocial\screenShots\Screen_Shot_Of-verify_login_with_invalid_credentials_10_10_2018_03_26_09.png'> <img src='E:\Adithya\MavSocial\src\main\java\com\mavSocial\screenShots\Screen_Shot_Of-verify_login_with_invalid_credentials_10_10_2018_03_26_09.png' height='100' width='100'/> </a>]]>
            </line>
          </reporter-output>
        </test-method> <!-- afterMethod -->
        <test-method status="PASS" signature="verify_login_with_invalid_credentials(java.lang.String, java.lang.String)[pri:1, instance:com.mavSocial.LoginPage.TC002_VerifyLoginWithInvalidCredentials@780cb77]" name="verify_login_with_invalid_credentials" duration-ms="3195" started-at="2018-10-10T09:56:10Z" data-provider="loginData" finished-at="2018-10-10T09:56:13Z">
          <params>
            <param index="0">
              <value>
                <![CDATA[]]>
              </value>
            </param>
            <param index="1">
              <value>
                <![CDATA[123457]]>
              </value>
            </param>
          </params>
          <reporter-output>
            <line>
              <![CDATA[<a href='E:\Adithya\MavSocial\src\main\java\com\MavSocial\Success_Screenshots\verify_login_with_invalid_credentials_10_10_2018_03_26_13.png'><img src='E:\Adithya\MavSocial\src\main\java\com\MavSocial\Success_Screenshots\verify_login_with_invalid_credentials_10_10_2018_03_26_13.png'height='100'width='100'/></a>]]>
            </line>
          </reporter-output>
        </test-method> <!-- verify_login_with_invalid_credentials -->
        <test-method status="PASS" signature="setup(java.lang.reflect.Method)[pri:0, instance:com.mavSocial.LoginPage.TC002_VerifyLoginWithInvalidCredentials@780cb77]" name="setup" is-config="true" duration-ms="0" started-at="2018-10-10T09:56:10Z" finished-at="2018-10-10T09:56:10Z">
          <params>
            <param index="0">
              <value>
                <![CDATA[public void com.mavSocial.LoginPage.TC002_VerifyLoginWithInvalidCredentials.verify_login_with_invalid_credentials(java.lang.String,java.lang.String) throws java.io.IOException,java.lang.InterruptedException]]>
              </value>
            </param>
          </params>
          <reporter-output>
          </reporter-output>
        </test-method> <!-- setup -->
        <test-method status="PASS" signature="afterMethod(org.testng.ITestResult)[pri:0, instance:com.mavSocial.LoginPage.TC002_VerifyLoginWithInvalidCredentials@780cb77]" name="afterMethod" is-config="true" duration-ms="654" started-at="2018-10-10T09:56:13Z" finished-at="2018-10-10T09:56:14Z">
          <params>
            <param index="0">
              <value>
                <![CDATA[[TestResult name=verify_login_with_invalid_credentials status=SUCCESS method=TC002_VerifyLoginWithInvalidCredentials.verify_login_with_invalid_credentials(java.lang.String, java.lang.String)[pri:1, instance:com.mavSocial.LoginPage.TC002_VerifyLoginWithInvalidCredentials@780cb77] output=<a href='E:\Adithya\MavSocial\src\main\java\com\MavSocial\Success_Screenshots\verify_login_with_invalid_credentials_10_10_2018_03_26_13.png'><img src='E:\Adithya\MavSocial\src\main\java\com\MavSocial\Success_Screenshots\verify_login_with_invalid_credentials_10_10_2018_03_26_13.png'height='100'width='100'/></a>]]]>
              </value>
            </param>
          </params>
          <reporter-output>
            <line>
              <![CDATA[<a href='E:\Adithya\MavSocial\src\main\java\com\mavSocial\screenShots\Screen_Shot_Of-verify_login_with_invalid_credentials_10_10_2018_03_26_13.png'> <img src='E:\Adithya\MavSocial\src\main\java\com\mavSocial\screenShots\Screen_Shot_Of-verify_login_with_invalid_credentials_10_10_2018_03_26_13.png' height='100' width='100'/> </a>]]>
            </line>
          </reporter-output>
        </test-method> <!-- afterMethod -->
        <test-method status="PASS" signature="setup(java.lang.reflect.Method)[pri:0, instance:com.mavSocial.LoginPage.TC002_VerifyLoginWithInvalidCredentials@780cb77]" name="setup" is-config="true" duration-ms="0" started-at="2018-10-10T09:56:14Z" finished-at="2018-10-10T09:56:14Z">
          <params>
            <param index="0">
              <value>
                <![CDATA[public void com.mavSocial.LoginPage.TC002_VerifyLoginWithInvalidCredentials.verify_login_with_invalid_credentials(java.lang.String,java.lang.String) throws java.io.IOException,java.lang.InterruptedException]]>
              </value>
            </param>
          </params>
          <reporter-output>
          </reporter-output>
        </test-method> <!-- setup -->
        <test-method status="PASS" signature="verify_login_with_invalid_credentials(java.lang.String, java.lang.String)[pri:1, instance:com.mavSocial.LoginPage.TC002_VerifyLoginWithInvalidCredentials@780cb77]" name="verify_login_with_invalid_credentials" duration-ms="2685" started-at="2018-10-10T09:56:14Z" data-provider="loginData" finished-at="2018-10-10T09:56:17Z">
          <params>
            <param index="0">
              <value>
                <![CDATA[holla@yopmail.com]]>
              </value>
            </param>
            <param index="1">
              <value>
                <![CDATA[]]>
              </value>
            </param>
          </params>
          <reporter-output>
            <line>
              <![CDATA[<a href='E:\Adithya\MavSocial\src\main\java\com\MavSocial\Success_Screenshots\verify_login_with_invalid_credentials_10_10_2018_03_26_17.png'><img src='E:\Adithya\MavSocial\src\main\java\com\MavSocial\Success_Screenshots\verify_login_with_invalid_credentials_10_10_2018_03_26_17.png'height='100'width='100'/></a>]]>
            </line>
          </reporter-output>
        </test-method> <!-- verify_login_with_invalid_credentials -->
        <test-method status="PASS" signature="afterMethod(org.testng.ITestResult)[pri:0, instance:com.mavSocial.LoginPage.TC002_VerifyLoginWithInvalidCredentials@780cb77]" name="afterMethod" is-config="true" duration-ms="679" started-at="2018-10-10T09:56:17Z" finished-at="2018-10-10T09:56:18Z">
          <params>
            <param index="0">
              <value>
                <![CDATA[[TestResult name=verify_login_with_invalid_credentials status=SUCCESS method=TC002_VerifyLoginWithInvalidCredentials.verify_login_with_invalid_credentials(java.lang.String, java.lang.String)[pri:1, instance:com.mavSocial.LoginPage.TC002_VerifyLoginWithInvalidCredentials@780cb77] output=<a href='E:\Adithya\MavSocial\src\main\java\com\MavSocial\Success_Screenshots\verify_login_with_invalid_credentials_10_10_2018_03_26_17.png'><img src='E:\Adithya\MavSocial\src\main\java\com\MavSocial\Success_Screenshots\verify_login_with_invalid_credentials_10_10_2018_03_26_17.png'height='100'width='100'/></a>]]]>
              </value>
            </param>
          </params>
          <reporter-output>
            <line>
              <![CDATA[<a href='E:\Adithya\MavSocial\src\main\java\com\mavSocial\screenShots\Screen_Shot_Of-verify_login_with_invalid_credentials_10_10_2018_03_26_17.png'> <img src='E:\Adithya\MavSocial\src\main\java\com\mavSocial\screenShots\Screen_Shot_Of-verify_login_with_invalid_credentials_10_10_2018_03_26_17.png' height='100' width='100'/> </a>]]>
            </line>
          </reporter-output>
        </test-method> <!-- afterMethod -->
        <test-method status="FAIL" signature="driverClose()[pri:0, instance:com.mavSocial.LoginPage.TC002_VerifyLoginWithInvalidCredentials@780cb77]" name="driverClose" is-config="true" duration-ms="6" started-at="2018-10-10T09:57:36Z" finished-at="2018-10-10T09:57:36Z">
          <exception class="org.openqa.selenium.NoSuchSessionException">
            <message>
              <![CDATA[no such session
  (Driver info: chromedriver=2.41.578737 (49da6702b16031c40d63e5618de03a32ff6c197e),platform=Windows NT 10.0.17134 x86_64) (WARNING: The server did not provide any stacktrace information)
Command duration or timeout: 4 milliseconds
Build info: version: '3.4.0', revision: 'unknown', time: 'unknown'
System info: host: 'DESKTOP-9AUK2PQ', ip: '192.168.0.57', os.name: 'Windows 10', os.arch: 'amd64', os.version: '10.0', java.version: '1.8.0_181'
Driver info: org.openqa.selenium.chrome.ChromeDriver
Capabilities [{mobileEmulationEnabled=false, hasTouchScreen=false, platform=XP, acceptSslCerts=false, goog:chromeOptions={debuggerAddress=localhost:50852}, acceptInsecureCerts=false, webStorageEnabled=true, browserName=chrome, takesScreenshot=true, javascriptEnabled=true, setWindowRect=true, unexpectedAlertBehaviour=, applicationCacheEnabled=false, rotatable=false, networkConnectionEnabled=false, chrome={chromedriverVersion=2.41.578737 (49da6702b16031c40d63e5618de03a32ff6c197e), userDataDir=C:\Users\MANIAL~1\AppData\Local\Temp\scoped_dir2228_16194}, takesHeapSnapshot=true, pageLoadStrategy=normal, databaseEnabled=false, handlesAlerts=true, version=69.0.3497.100, browserConnectionEnabled=false, nativeEvents=true, locationContextEnabled=true, cssSelectorsEnabled=true}]
Session ID: 16cc892c695977fe3317e4e6ce003b3f]]>
            </message>
            <full-stacktrace>
              <![CDATA[org.openqa.selenium.NoSuchSessionException: no such session
  (Driver info: chromedriver=2.41.578737 (49da6702b16031c40d63e5618de03a32ff6c197e),platform=Windows NT 10.0.17134 x86_64) (WARNING: The server did not provide any stacktrace information)
Command duration or timeout: 4 milliseconds
Build info: version: '3.4.0', revision: 'unknown', time: 'unknown'
System info: host: 'DESKTOP-9AUK2PQ', ip: '192.168.0.57', os.name: 'Windows 10', os.arch: 'amd64', os.version: '10.0', java.version: '1.8.0_181'
Driver info: org.openqa.selenium.chrome.ChromeDriver
Capabilities [{mobileEmulationEnabled=false, hasTouchScreen=false, platform=XP, acceptSslCerts=false, goog:chromeOptions={debuggerAddress=localhost:50852}, acceptInsecureCerts=false, webStorageEnabled=true, browserName=chrome, takesScreenshot=true, javascriptEnabled=true, setWindowRect=true, unexpectedAlertBehaviour=, applicationCacheEnabled=false, rotatable=false, networkConnectionEnabled=false, chrome={chromedriverVersion=2.41.578737 (49da6702b16031c40d63e5618de03a32ff6c197e), userDataDir=C:\Users\MANIAL~1\AppData\Local\Temp\scoped_dir2228_16194}, takesHeapSnapshot=true, pageLoadStrategy=normal, databaseEnabled=false, handlesAlerts=true, version=69.0.3497.100, browserConnectionEnabled=false, nativeEvents=true, locationContextEnabled=true, cssSelectorsEnabled=true}]
Session ID: 16cc892c695977fe3317e4e6ce003b3f
at sun.reflect.NativeConstructorAccessorImpl.newInstance0(Native Method)
at sun.reflect.NativeConstructorAccessorImpl.newInstance(Unknown Source)
at sun.reflect.DelegatingConstructorAccessorImpl.newInstance(Unknown Source)
at java.lang.reflect.Constructor.newInstance(Unknown Source)
at org.openqa.selenium.remote.ErrorHandler.createThrowable(ErrorHandler.java:215)
at org.openqa.selenium.remote.ErrorHandler.throwIfResponseFailed(ErrorHandler.java:167)
at org.openqa.selenium.remote.RemoteWebDriver.execute(RemoteWebDriver.java:671)
at org.openqa.selenium.remote.RemoteWebDriver.execute(RemoteWebDriver.java:694)
at org.openqa.selenium.remote.RemoteWebDriver.close(RemoteWebDriver.java:523)
at com.mavSocial.LoginPage.TC002_VerifyLoginWithInvalidCredentials.driverClose(TC002_VerifyLoginWithInvalidCredentials.java:67)
at sun.reflect.NativeMethodAccessorImpl.invoke0(Native Method)
at sun.reflect.NativeMethodAccessorImpl.invoke(Unknown Source)
at sun.reflect.DelegatingMethodAccessorImpl.invoke(Unknown Source)
at java.lang.reflect.Method.invoke(Unknown Source)
at org.testng.internal.MethodInvocationHelper.invokeMethod(MethodInvocationHelper.java:124)
at org.testng.internal.MethodInvocationHelper.invokeMethodConsideringTimeout(MethodInvocationHelper.java:59)
at org.testng.internal.Invoker.invokeConfigurationMethod(Invoker.java:455)
at org.testng.internal.Invoker.invokeConfigurations(Invoker.java:222)
at org.testng.internal.Invoker.invokeConfigurations(Invoker.java:142)
at org.testng.TestRunner.afterRun(TestRunner.java:725)
at org.testng.TestRunner.run(TestRunner.java:509)
at org.testng.SuiteRunner.runTest(SuiteRunner.java:455)
at org.testng.SuiteRunner.runSequentially(SuiteRunner.java:450)
at org.testng.SuiteRunner.privateRun(SuiteRunner.java:415)
at org.testng.SuiteRunner.run(SuiteRunner.java:364)
at org.testng.SuiteRunnerWorker.runSuite(SuiteRunnerWorker.java:52)
at org.testng.SuiteRunnerWorker.run(SuiteRunnerWorker.java:84)
at org.testng.TestNG.runSuitesSequentially(TestNG.java:1208)
at org.testng.TestNG.runSuitesLocally(TestNG.java:1137)
at org.testng.TestNG.runSuites(TestNG.java:1049)
at org.testng.TestNG.run(TestNG.java:1017)
at org.testng.remote.AbstractRemoteTestNG.run(AbstractRemoteTestNG.java:114)
at org.testng.remote.RemoteTestNG.initAndRun(RemoteTestNG.java:251)
at org.testng.remote.RemoteTestNG.main(RemoteTestNG.java:77)
]]>
            </full-stacktrace>
          </exception> <!-- org.openqa.selenium.NoSuchSessionException -->
          <reporter-output>
          </reporter-output>
        </test-method> <!-- driverClose -->
      </class> <!-- com.mavSocial.LoginPage.TC002_VerifyLoginWithInvalidCredentials -->
    </test> <!-- LoginTest -->
  </suite> <!-- Parallel test suite -->
</testng-results>
